<?xml version="1.0" encoding="UTF-8"?>
<!-- Generated by org.testng.reporters.JUnitReportReporter -->
<testsuite hostname="Athul-PC" name="com.crm.qa.testcases.LoginPageTest" tests="2" failures="0" timestamp="5 Jul 2020 21:09:36 GMT" time="63.282" errors="0">
  <testcase name="loginPageTiltleTest" time="28.939" classname="com.crm.qa.testcases.LoginPageTest"/>
  <testcase name="loginTest" time="34.343" classname="com.crm.qa.testcases.LoginPageTest"/>
</testsuite> <!-- com.crm.qa.testcases.LoginPageTest -->
