<?xml version="1.0" encoding="UTF-8"?>
<!-- Generated by org.testng.reporters.JUnitReportReporter -->
<testsuite hostname="Athul-PC" name="com.crm.qa.testcases.ContactsPageTest" tests="3" failures="0" timestamp="5 Jul 2020 21:09:36 GMT" time="135.065" errors="0">
  <testcase name="contactsPageVerify" time="29.932" classname="com.crm.qa.testcases.ContactsPageTest"/>
  <testcase name="createContact" time="55.864" classname="com.crm.qa.testcases.ContactsPageTest"/>
  <testcase name="createContact" time="49.269" classname="com.crm.qa.testcases.ContactsPageTest"/>
</testsuite> <!-- com.crm.qa.testcases.ContactsPageTest -->
